Determining if the pthread_create exist failed with the following output:
Change Dir: /home/david/keepon_ws/build/CMakeFiles/CMakeTmp

Run Build Command:"/usr/bin/make" "cmTC_218fe/fast"
/usr/bin/make -f CMakeFiles/cmTC_218fe.dir/build.make CMakeFiles/cmTC_218fe.dir/build
make[1]: Entering directory '/home/david/keepon_ws/build/CMakeFiles/CMakeTmp'
Building C object CMakeFiles/cmTC_218fe.dir/CheckSymbolExists.c.o
/usr/bin/cc    -o CMakeFiles/cmTC_218fe.dir/CheckSymbolExists.c.o   -c /home/david/keepon_ws/build/CMakeFiles/CMakeTmp/CheckSymbolExists.c
Linking C executable cmTC_218fe
/usr/bin/cmake -E cmake_link_script CMakeFiles/cmTC_218fe.dir/link.txt --verbose=1
/usr/bin/cc      -rdynamic CMakeFiles/cmTC_218fe.dir/CheckSymbolExists.c.o  -o cmTC_218fe 
CMakeFiles/cmTC_218fe.dir/CheckSymbolExists.c.o: In function `main':
CheckSymbolExists.c:(.text+0x1b): undefined reference to `pthread_create'
collect2: error: ld returned 1 exit status
CMakeFiles/cmTC_218fe.dir/build.make:97: recipe for target 'cmTC_218fe' failed
make[1]: *** [cmTC_218fe] Error 1
make[1]: Leaving directory '/home/david/keepon_ws/build/CMakeFiles/CMakeTmp'
Makefile:126: recipe for target 'cmTC_218fe/fast' failed
make: *** [cmTC_218fe/fast] Error 2

File /home/david/keepon_ws/build/CMakeFiles/CMakeTmp/CheckSymbolExists.c:
/* */
#include <pthread.h>

int main(int argc, char** argv)
{
  (void)argv;
#ifndef pthread_create
  return ((int*)(&pthread_create))[argc];
#else
  (void)argc;
  return 0;
#endif
}

Determining if the function pthread_create exists in the pthreads failed with the following output:
Change Dir: /home/david/keepon_ws/build/CMakeFiles/CMakeTmp

Run Build Command:"/usr/bin/make" "cmTC_fc482/fast"
/usr/bin/make -f CMakeFiles/cmTC_fc482.dir/build.make CMakeFiles/cmTC_fc482.dir/build
make[1]: Entering directory '/home/david/keepon_ws/build/CMakeFiles/CMakeTmp'
Building C object CMakeFiles/cmTC_fc482.dir/CheckFunctionExists.c.o
/usr/bin/cc   -DCHECK_FUNCTION_EXISTS=pthread_create   -o CMakeFiles/cmTC_fc482.dir/CheckFunctionExists.c.o   -c /usr/share/cmake-3.10/Modules/CheckFunctionExists.c
Linking C executable cmTC_fc482
/usr/bin/cmake -E cmake_link_script CMakeFiles/cmTC_fc482.dir/link.txt --verbose=1
/usr/bin/cc  -DCHECK_FUNCTION_EXISTS=pthread_create    -rdynamic CMakeFiles/cmTC_fc482.dir/CheckFunctionExists.c.o  -o cmTC_fc482 -lpthreads 
/usr/bin/ld: cannot find -lpthreads
collect2: error: ld returned 1 exit status
CMakeFiles/cmTC_fc482.dir/build.make:97: recipe for target 'cmTC_fc482' failed
make[1]: *** [cmTC_fc482] Error 1
make[1]: Leaving directory '/home/david/keepon_ws/build/CMakeFiles/CMakeTmp'
Makefile:126: recipe for target 'cmTC_fc482/fast' failed
make: *** [cmTC_fc482/fast] Error 2


Determining if the function trunc exists failed with the following output:
Change Dir: /home/david/keepon_ws/build/CMakeFiles/CMakeTmp

Run Build Command:"/usr/bin/make" "cmTC_68a1b/fast"
/usr/bin/make -f CMakeFiles/cmTC_68a1b.dir/build.make CMakeFiles/cmTC_68a1b.dir/build
make[1]: Entering directory '/home/david/keepon_ws/build/CMakeFiles/CMakeTmp'
Building C object CMakeFiles/cmTC_68a1b.dir/CheckFunctionExists.c.o
/usr/bin/cc   -DCHECK_FUNCTION_EXISTS=trunc   -o CMakeFiles/cmTC_68a1b.dir/CheckFunctionExists.c.o   -c /usr/share/cmake-3.10/Modules/CheckFunctionExists.c
<command-line>:0:23: warning: conflicting types for built-in function ‘trunc’ [-Wbuiltin-declaration-mismatch]
/usr/share/cmake-3.10/Modules/CheckFunctionExists.c:7:3: note: in expansion of macro ‘CHECK_FUNCTION_EXISTS’
   CHECK_FUNCTION_EXISTS(void);
   ^~~~~~~~~~~~~~~~~~~~~
Linking C executable cmTC_68a1b
/usr/bin/cmake -E cmake_link_script CMakeFiles/cmTC_68a1b.dir/link.txt --verbose=1
/usr/bin/cc  -DCHECK_FUNCTION_EXISTS=trunc    -rdynamic CMakeFiles/cmTC_68a1b.dir/CheckFunctionExists.c.o  -o cmTC_68a1b 
CMakeFiles/cmTC_68a1b.dir/CheckFunctionExists.c.o: In function `main':
CheckFunctionExists.c:(.text+0x10): undefined reference to `trunc'
collect2: error: ld returned 1 exit status
CMakeFiles/cmTC_68a1b.dir/build.make:97: recipe for target 'cmTC_68a1b' failed
make[1]: *** [cmTC_68a1b] Error 1
make[1]: Leaving directory '/home/david/keepon_ws/build/CMakeFiles/CMakeTmp'
Makefile:126: recipe for target 'cmTC_68a1b/fast' failed
make: *** [cmTC_68a1b/fast] Error 2


